{
  "0 debug pnpm:scope": {
    "selected": 1
  },
  "1 debug pnpm:package-manifest": {
    "initial": {
      "name": "@example/docs",
      "version": "0.0.1",
      "private": true,
      "scripts": {
        "dev": "astro dev",
        "start": "astro dev",
        "build": "astro build",
        "preview": "astro preview"
      },
      "dependencies": {
        "@algolia/autocomplete-js": "^1.7.1",
        "@algolia/client-search": "^4.13.1",
        "@docsearch/css": "3",
        "@docsearch/js": "3",
        "@docsearch/react": "3",
        "@types/react": "^17.0.45",
        "dotenv": "^16.0.1",
        "fenceparser": "^2.1.1",
        "html-react-parser": "^3.0.1",
        "instantsearch.css": "^7.4.5",
        "marked": "^4.0.18",
        "react-hot-toast": "^2.3.0",
        "react-instantsearch-hooks-web": "^6.31.0"
      },
      "devDependencies": {
        "@astrojs/image": "^0.3.0",
        "@astrojs/react": "^0.4.2",
        "@astrojs/tailwind": "^0.2.5",
        "@nanostores/react": "^0.3.0",
        "@tailwindcss/typography": "^0.5.4",
        "@types/marked": "^4.0.3",
        "@types/react-html-parser": "^2.0.2",
        "@types/react-instantsearch-dom": "^6.12.3",
        "algoliasearch": "^4.14.2",
        "astro": "^1.0.0-rc.4",
        "nanostores": "^0.6.0",
        "prettier": "^2.7.1",
        "prettier-plugin-astro": "^0.3.0",
        "react": "^18.0.0",
        "react-dom": "^18.0.0",
        "react-instantsearch-dom": "^6.31.0",
        "tailwind-scrollbar": "^1.3.1",
        "tailwindcss": "^3.1.7"
      }
    },
    "prefix": "C:\\Users\\User\\create-t3-app-docs\\create-t3-app-docs"
  },
  "2 debug pnpm:context": {
    "currentLockfileExists": true,
    "storeDir": "C:\\Users\\User\\AppData\\Local\\pnpm\\store\\v3",
    "virtualStoreDir": "C:\\Users\\User\\create-t3-app-docs\\create-t3-app-docs\\node_modules\\.pnpm"
  },
  "3 debug pnpm:stage": {
    "prefix": "C:\\Users\\User\\create-t3-app-docs\\create-t3-app-docs",
    "stage": "resolution_started"
  },
  "4 error pnpm": {
    "code": "ERR_PNPM_SPEC_NOT_SUPPORTED_BY_ANY_RESOLVER",
    "pkgsStack": [],
    "err": {
      "name": "pnpm",
      "message": "data-callback=onSubmit isn't supported by any available resolver.",
      "code": "ERR_PNPM_SPEC_NOT_SUPPORTED_BY_ANY_RESOLVER",
      "stack": "pnpm: data-callback=onSubmit isn't supported by any available resolver.\n    at Object.resolve (C:\\Users\\User\\AppData\\Roaming\\npm\\node_modules\\pnpm\\dist\\pnpm.cjs:84944:17)\n    at async run (C:\\Users\\User\\AppData\\Roaming\\npm\\node_modules\\pnpm\\dist\\pnpm.cjs:91747:23)"
    }
  }
}